Swift 0.95 RC6 swift-r7900 cog-r3908
RunID: run007
Progress: Sun, 26 Oct 2014 01:37:42+0000
Progress: Sun, 26 Oct 2014 01:37:43+0000  Selecting site:30  Active:1
Progress: Sun, 26 Oct 2014 01:38:13+0000  Selecting site:30  Active:1
Progress: Sun, 26 Oct 2014 01:38:43+0000  Selecting site:30  Active:1
Progress: Sun, 26 Oct 2014 01:39:13+0000  Selecting site:30  Active:1
Progress: Sun, 26 Oct 2014 01:39:43+0000  Selecting site:30  Active:1
Progress: Sun, 26 Oct 2014 01:40:13+0000  Selecting site:30  Active:1
Progress: Sun, 26 Oct 2014 01:40:15+0000  Selecting site:29  Stage in:1  Finished successfully:1
Progress: Sun, 26 Oct 2014 01:40:20+0000  Selecting site:29  Active:1  Finished successfully:1
Progress: Sun, 26 Oct 2014 01:40:50+0000  Selecting site:29  Active:1  Finished successfully:1
Progress: Sun, 26 Oct 2014 01:41:20+0000  Selecting site:29  Active:1  Finished successfully:1
Progress: Sun, 26 Oct 2014 01:41:50+0000  Selecting site:29  Active:1  Finished successfully:1
Progress: Sun, 26 Oct 2014 01:42:20+0000  Selecting site:29  Active:1  Finished successfully:1
Progress: Sun, 26 Oct 2014 01:42:50+0000  Selecting site:29  Active:1  Finished successfully:1
Progress: Sun, 26 Oct 2014 01:43:20+0000  Selecting site:29  Active:1  Finished successfully:1
Progress: Sun, 26 Oct 2014 01:43:50+0000  Selecting site:29  Active:1  Finished successfully:1
Progress: Sun, 26 Oct 2014 01:43:59+0000  Selecting site:28  Stage in:1  Finished successfully:2
Progress: Sun, 26 Oct 2014 01:44:01+0000  Selecting site:28  Active:1  Finished successfully:2
Progress: Sun, 26 Oct 2014 01:44:31+0000  Selecting site:28  Active:1  Finished successfully:2
Progress: Sun, 26 Oct 2014 01:45:01+0000  Selecting site:28  Active:1  Finished successfully:2
Progress: Sun, 26 Oct 2014 01:45:31+0000  Selecting site:28  Active:1  Finished successfully:2
Progress: Sun, 26 Oct 2014 01:46:01+0000  Selecting site:28  Active:1  Finished successfully:2
Progress: Sun, 26 Oct 2014 01:46:29+0000  Selecting site:27  Stage in:1  Finished successfully:3
Progress: Sun, 26 Oct 2014 01:46:32+0000  Selecting site:27  Active:1  Finished successfully:3
Progress: Sun, 26 Oct 2014 01:47:02+0000  Selecting site:27  Active:1  Finished successfully:3
Progress: Sun, 26 Oct 2014 01:47:32+0000  Selecting site:27  Active:1  Finished successfully:3
Progress: Sun, 26 Oct 2014 01:48:02+0000  Selecting site:27  Active:1  Finished successfully:3
Progress: Sun, 26 Oct 2014 01:48:32+0000  Selecting site:27  Active:1  Finished successfully:3
Progress: Sun, 26 Oct 2014 01:49:02+0000  Selecting site:27  Active:1  Finished successfully:3
Progress: Sun, 26 Oct 2014 01:49:11+0000  Selecting site:26  Stage in:1  Finished successfully:4
Progress: Sun, 26 Oct 2014 01:49:15+0000  Selecting site:26  Active:1  Finished successfully:4
Progress: Sun, 26 Oct 2014 01:49:45+0000  Selecting site:26  Active:1  Finished successfully:4
Progress: Sun, 26 Oct 2014 01:50:15+0000  Selecting site:26  Active:1  Finished successfully:4
Progress: Sun, 26 Oct 2014 01:50:45+0000  Selecting site:26  Active:1  Finished successfully:4
Progress: Sun, 26 Oct 2014 01:51:15+0000  Selecting site:26  Active:1  Finished successfully:4
Progress: Sun, 26 Oct 2014 01:51:45+0000  Selecting site:26  Active:1  Finished successfully:4
Progress: Sun, 26 Oct 2014 01:52:15+0000  Selecting site:26  Active:1  Finished successfully:4
Progress: Sun, 26 Oct 2014 01:52:43+0000  Selecting site:25  Stage in:1  Finished successfully:5
Progress: Sun, 26 Oct 2014 01:52:53+0000  Selecting site:25  Active:1  Finished successfully:5
Progress: Sun, 26 Oct 2014 01:53:23+0000  Selecting site:25  Active:1  Finished successfully:5
Progress: Sun, 26 Oct 2014 01:53:53+0000  Selecting site:25  Active:1  Finished successfully:5
Progress: Sun, 26 Oct 2014 01:54:23+0000  Selecting site:25  Active:1  Finished successfully:5
Progress: Sun, 26 Oct 2014 01:54:53+0000  Selecting site:25  Active:1  Finished successfully:5
Progress: Sun, 26 Oct 2014 01:55:23+0000  Selecting site:25  Active:1  Finished successfully:5
Progress: Sun, 26 Oct 2014 01:55:53+0000  Selecting site:25  Active:1  Finished successfully:5
Progress: Sun, 26 Oct 2014 01:56:23+0000  Selecting site:25  Active:1  Finished successfully:5
Progress: Sun, 26 Oct 2014 01:56:53+0000  Selecting site:25  Active:1  Finished successfully:5
Progress: Sun, 26 Oct 2014 01:57:24+0000  Selecting site:25  Active:1  Finished successfully:5
Progress: Sun, 26 Oct 2014 01:57:49+0000  Selecting site:24  Stage in:1  Finished successfully:6
Progress: Sun, 26 Oct 2014 01:57:59+0000  Selecting site:24  Active:1  Finished successfully:6
Progress: Sun, 26 Oct 2014 01:58:29+0000  Selecting site:24  Active:1  Finished successfully:6
Progress: Sun, 26 Oct 2014 01:58:59+0000  Selecting site:24  Active:1  Finished successfully:6
Progress: Sun, 26 Oct 2014 01:59:29+0000  Selecting site:24  Active:1  Finished successfully:6
Progress: Sun, 26 Oct 2014 01:59:59+0000  Selecting site:24  Active:1  Finished successfully:6
Progress: Sun, 26 Oct 2014 02:00:29+0000  Selecting site:24  Active:1  Finished successfully:6
Progress: Sun, 26 Oct 2014 02:00:59+0000  Selecting site:24  Active:1  Finished successfully:6
Progress: Sun, 26 Oct 2014 02:01:29+0000  Selecting site:24  Active:1  Finished successfully:6
Progress: Sun, 26 Oct 2014 02:01:41+0000  Selecting site:22  Stage in:1  Finished successfully:8
Progress: Sun, 26 Oct 2014 02:01:44+0000  Selecting site:22  Active:1  Finished successfully:8
Progress: Sun, 26 Oct 2014 02:02:14+0000  Selecting site:22  Active:1  Finished successfully:8
Progress: Sun, 26 Oct 2014 02:02:44+0000  Selecting site:22  Active:1  Finished successfully:8
Progress: Sun, 26 Oct 2014 02:03:14+0000  Selecting site:22  Active:1  Finished successfully:8
Progress: Sun, 26 Oct 2014 02:03:44+0000  Selecting site:22  Active:1  Finished successfully:8
Progress: Sun, 26 Oct 2014 02:04:14+0000  Selecting site:22  Active:1  Finished successfully:8
Progress: Sun, 26 Oct 2014 02:04:18+0000  Selecting site:21  Stage in:1  Finished successfully:9
Progress: Sun, 26 Oct 2014 02:04:21+0000  Selecting site:21  Active:1  Finished successfully:9
Progress: Sun, 26 Oct 2014 02:04:51+0000  Selecting site:21  Active:1  Finished successfully:9
Progress: Sun, 26 Oct 2014 02:05:21+0000  Selecting site:21  Active:1  Finished successfully:9
Progress: Sun, 26 Oct 2014 02:05:51+0000  Selecting site:21  Active:1  Finished successfully:9
Progress: Sun, 26 Oct 2014 02:06:21+0000  Selecting site:21  Active:1  Finished successfully:9
Progress: Sun, 26 Oct 2014 02:06:51+0000  Selecting site:21  Active:1  Finished successfully:9
Progress: Sun, 26 Oct 2014 02:07:15+0000  Selecting site:21  Finished successfully:10
Progress: Sun, 26 Oct 2014 02:07:16+0000  Selecting site:20  Stage in:1  Finished successfully:10
Progress: Sun, 26 Oct 2014 02:07:18+0000  Selecting site:20  Active:1  Finished successfully:10
Progress: Sun, 26 Oct 2014 02:07:48+0000  Selecting site:20  Active:1  Finished successfully:10
Progress: Sun, 26 Oct 2014 02:08:18+0000  Selecting site:20  Active:1  Finished successfully:10
Progress: Sun, 26 Oct 2014 02:08:48+0000  Selecting site:20  Active:1  Finished successfully:10
Progress: Sun, 26 Oct 2014 02:09:18+0000  Selecting site:20  Active:1  Finished successfully:10
Progress: Sun, 26 Oct 2014 02:09:48+0000  Selecting site:20  Active:1  Finished successfully:10
Progress: Sun, 26 Oct 2014 02:09:50+0000  Selecting site:19  Stage in:1  Finished successfully:11
Progress: Sun, 26 Oct 2014 02:09:52+0000  Selecting site:19  Active:1  Finished successfully:11
Progress: Sun, 26 Oct 2014 02:10:22+0000  Selecting site:19  Active:1  Finished successfully:11
Progress: Sun, 26 Oct 2014 02:10:52+0000  Selecting site:19  Active:1  Finished successfully:11
Progress: Sun, 26 Oct 2014 02:11:22+0000  Selecting site:19  Active:1  Finished successfully:11
Progress: Sun, 26 Oct 2014 02:11:52+0000  Selecting site:19  Active:1  Finished successfully:11
Progress: Sun, 26 Oct 2014 02:12:06+0000  Selecting site:18  Stage in:1  Finished successfully:12
Progress: Sun, 26 Oct 2014 02:12:09+0000  Selecting site:18  Active:1  Finished successfully:12
Progress: Sun, 26 Oct 2014 02:12:39+0000  Selecting site:18  Active:1  Finished successfully:12
Progress: Sun, 26 Oct 2014 02:13:09+0000  Selecting site:18  Active:1  Finished successfully:12
Progress: Sun, 26 Oct 2014 02:13:39+0000  Selecting site:18  Active:1  Finished successfully:12
Progress: Sun, 26 Oct 2014 02:14:09+0000  Selecting site:18  Active:1  Finished successfully:12
Progress: Sun, 26 Oct 2014 02:14:39+0000  Selecting site:18  Active:1  Finished successfully:12
Progress: Sun, 26 Oct 2014 02:14:52+0000  Selecting site:17  Stage in:1  Finished successfully:13
Progress: Sun, 26 Oct 2014 02:15:02+0000  Selecting site:17  Active:1  Finished successfully:13
Progress: Sun, 26 Oct 2014 02:15:32+0000  Selecting site:17  Active:1  Finished successfully:13
Progress: Sun, 26 Oct 2014 02:16:02+0000  Selecting site:17  Active:1  Finished successfully:13
Progress: Sun, 26 Oct 2014 02:16:32+0000  Selecting site:17  Active:1  Finished successfully:13
Progress: Sun, 26 Oct 2014 02:17:02+0000  Selecting site:17  Active:1  Finished successfully:13
Progress: Sun, 26 Oct 2014 02:17:32+0000  Selecting site:17  Active:1  Finished successfully:13
Progress: Sun, 26 Oct 2014 02:18:02+0000  Selecting site:17  Active:1  Finished successfully:13
Progress: Sun, 26 Oct 2014 02:18:32+0000  Selecting site:17  Active:1  Finished successfully:13
Progress: Sun, 26 Oct 2014 02:19:02+0000  Selecting site:17  Active:1  Finished successfully:13
Progress: Sun, 26 Oct 2014 02:19:20+0000  Selecting site:16  Stage in:1  Finished successfully:14
Progress: Sun, 26 Oct 2014 02:19:22+0000  Selecting site:16  Active:1  Finished successfully:14
Progress: Sun, 26 Oct 2014 02:19:52+0000  Selecting site:16  Active:1  Finished successfully:14
Progress: Sun, 26 Oct 2014 02:20:22+0000  Selecting site:16  Active:1  Finished successfully:14
Progress: Sun, 26 Oct 2014 02:20:52+0000  Selecting site:16  Active:1  Finished successfully:14
Progress: Sun, 26 Oct 2014 02:21:19+0000  Selecting site:15  Stage in:1  Finished successfully:15
Progress: Sun, 26 Oct 2014 02:21:23+0000  Selecting site:15  Active:1  Finished successfully:15
Progress: Sun, 26 Oct 2014 02:21:53+0000  Selecting site:15  Active:1  Finished successfully:15
Progress: Sun, 26 Oct 2014 02:22:23+0000  Selecting site:15  Active:1  Finished successfully:15
Progress: Sun, 26 Oct 2014 02:22:53+0000  Selecting site:15  Active:1  Finished successfully:15
Progress: Sun, 26 Oct 2014 02:23:23+0000  Selecting site:15  Active:1  Finished successfully:15
Progress: Sun, 26 Oct 2014 02:23:53+0000  Selecting site:15  Active:1  Finished successfully:15
Progress: Sun, 26 Oct 2014 02:24:23+0000  Selecting site:15  Active:1  Finished successfully:15
Progress: Sun, 26 Oct 2014 02:24:53+0000  Selecting site:15  Active:1  Finished successfully:15
Progress: Sun, 26 Oct 2014 02:25:00+0000  Selecting site:14  Stage in:1  Finished successfully:16
Progress: Sun, 26 Oct 2014 02:25:05+0000  Selecting site:14  Active:1  Finished successfully:16
Progress: Sun, 26 Oct 2014 02:25:35+0000  Selecting site:14  Active:1  Finished successfully:16
Progress: Sun, 26 Oct 2014 02:26:05+0000  Selecting site:14  Active:1  Finished successfully:16
Progress: Sun, 26 Oct 2014 02:26:35+0000  Selecting site:14  Active:1  Finished successfully:16
Progress: Sun, 26 Oct 2014 02:27:05+0000  Selecting site:14  Active:1  Finished successfully:16
Progress: Sun, 26 Oct 2014 02:27:35+0000  Selecting site:14  Active:1  Finished successfully:16
Progress: Sun, 26 Oct 2014 02:28:05+0000  Selecting site:14  Active:1  Finished successfully:16
Progress: Sun, 26 Oct 2014 02:28:35+0000  Selecting site:14  Active:1  Finished successfully:16
Progress: Sun, 26 Oct 2014 02:28:38+0000  Selecting site:13  Stage in:1  Finished successfully:17
Progress: Sun, 26 Oct 2014 02:28:40+0000  Selecting site:13  Active:1  Finished successfully:17
Progress: Sun, 26 Oct 2014 02:29:10+0000  Selecting site:13  Active:1  Finished successfully:17
Progress: Sun, 26 Oct 2014 02:29:40+0000  Selecting site:13  Active:1  Finished successfully:17
Progress: Sun, 26 Oct 2014 02:30:10+0000  Selecting site:13  Active:1  Finished successfully:17
Progress: Sun, 26 Oct 2014 02:30:40+0000  Selecting site:13  Active:1  Finished successfully:17
Progress: Sun, 26 Oct 2014 02:31:10+0000  Selecting site:12  Stage in:1  Finished successfully:18
Progress: Sun, 26 Oct 2014 02:31:13+0000  Selecting site:12  Active:1  Finished successfully:18
Progress: Sun, 26 Oct 2014 02:31:43+0000  Selecting site:12  Active:1  Finished successfully:18
Progress: Sun, 26 Oct 2014 02:32:13+0000  Selecting site:12  Active:1  Finished successfully:18
Progress: Sun, 26 Oct 2014 02:32:43+0000  Selecting site:12  Active:1  Finished successfully:18
Progress: Sun, 26 Oct 2014 02:33:13+0000  Selecting site:12  Active:1  Finished successfully:18
Progress: Sun, 26 Oct 2014 02:33:43+0000  Selecting site:12  Active:1  Finished successfully:18
Progress: Sun, 26 Oct 2014 02:33:50+0000  Selecting site:12  Finished successfully:19
Progress: Sun, 26 Oct 2014 02:33:51+0000  Selecting site:11  Stage in:1  Finished successfully:19
Progress: Sun, 26 Oct 2014 02:33:56+0000  Selecting site:11  Active:1  Finished successfully:19
Progress: Sun, 26 Oct 2014 02:34:26+0000  Selecting site:11  Active:1  Finished successfully:19
Progress: Sun, 26 Oct 2014 02:34:56+0000  Selecting site:11  Active:1  Finished successfully:19
Progress: Sun, 26 Oct 2014 02:35:26+0000  Selecting site:11  Active:1  Finished successfully:19
Progress: Sun, 26 Oct 2014 02:35:56+0000  Selecting site:11  Active:1  Finished successfully:19
Progress: Sun, 26 Oct 2014 02:36:26+0000  Selecting site:11  Active:1  Finished successfully:19
Progress: Sun, 26 Oct 2014 02:36:56+0000  Selecting site:11  Active:1  Finished successfully:19
Progress: Sun, 26 Oct 2014 02:37:26+0000  Selecting site:11  Active:1  Finished successfully:19
Progress: Sun, 26 Oct 2014 02:37:56+0000  Selecting site:11  Active:1  Finished successfully:19
Progress: Sun, 26 Oct 2014 02:38:14+0000  Selecting site:10  Stage in:1  Finished successfully:20
Progress: Sun, 26 Oct 2014 02:38:15+0000  Selecting site:10  Active:1  Finished successfully:20
Progress: Sun, 26 Oct 2014 02:38:45+0000  Selecting site:10  Active:1  Finished successfully:20
Progress: Sun, 26 Oct 2014 02:39:15+0000  Selecting site:10  Active:1  Finished successfully:20
Progress: Sun, 26 Oct 2014 02:39:44+0000  Selecting site:9  Stage in:1  Finished successfully:21
Progress: Sun, 26 Oct 2014 02:39:46+0000  Selecting site:9  Active:1  Finished successfully:21
Progress: Sun, 26 Oct 2014 02:40:16+0000  Selecting site:9  Active:1  Finished successfully:21
Progress: Sun, 26 Oct 2014 02:40:46+0000  Selecting site:9  Active:1  Finished successfully:21
Progress: Sun, 26 Oct 2014 02:41:16+0000  Selecting site:9  Active:1  Finished successfully:21
Progress: Sun, 26 Oct 2014 02:41:46+0000  Selecting site:9  Active:1  Finished successfully:21
Progress: Sun, 26 Oct 2014 02:41:57+0000  Selecting site:8  Stage in:1  Finished successfully:22
Progress: Sun, 26 Oct 2014 02:42:00+0000  Selecting site:8  Active:1  Finished successfully:22
Progress: Sun, 26 Oct 2014 02:42:30+0000  Selecting site:8  Active:1  Finished successfully:22
Progress: Sun, 26 Oct 2014 02:43:00+0000  Selecting site:8  Active:1  Finished successfully:22
Progress: Sun, 26 Oct 2014 02:43:30+0000  Selecting site:8  Active:1  Finished successfully:22
Progress: Sun, 26 Oct 2014 02:44:00+0000  Selecting site:8  Active:1  Finished successfully:22
Progress: Sun, 26 Oct 2014 02:44:30+0000  Selecting site:8  Active:1  Finished successfully:22
Progress: Sun, 26 Oct 2014 02:45:00+0000  Selecting site:8  Active:1  Finished successfully:22
Progress: Sun, 26 Oct 2014 02:45:14+0000  Selecting site:7  Stage in:1  Finished successfully:23
Progress: Sun, 26 Oct 2014 02:45:17+0000  Selecting site:7  Active:1  Finished successfully:23
Progress: Sun, 26 Oct 2014 02:45:47+0000  Selecting site:7  Active:1  Finished successfully:23
Progress: Sun, 26 Oct 2014 02:46:17+0000  Selecting site:7  Active:1  Finished successfully:23
Progress: Sun, 26 Oct 2014 02:46:47+0000  Selecting site:7  Active:1  Finished successfully:23
Progress: Sun, 26 Oct 2014 02:47:17+0000  Selecting site:7  Active:1  Finished successfully:23
Progress: Sun, 26 Oct 2014 02:47:47+0000  Selecting site:7  Active:1  Finished successfully:23
Progress: Sun, 26 Oct 2014 02:47:49+0000  Selecting site:6  Stage in:1  Finished successfully:24
Progress: Sun, 26 Oct 2014 02:47:52+0000  Selecting site:6  Active:1  Finished successfully:24
Progress: Sun, 26 Oct 2014 02:48:22+0000  Selecting site:6  Active:1  Finished successfully:24
Progress: Sun, 26 Oct 2014 02:48:52+0000  Selecting site:6  Active:1  Finished successfully:24
Progress: Sun, 26 Oct 2014 02:49:22+0000  Selecting site:6  Active:1  Finished successfully:24
Progress: Sun, 26 Oct 2014 02:49:52+0000  Selecting site:6  Active:1  Finished successfully:24
Progress: Sun, 26 Oct 2014 02:50:22+0000  Selecting site:6  Active:1  Finished successfully:24
Progress: Sun, 26 Oct 2014 02:50:42+0000  Selecting site:5  Stage in:1  Finished successfully:25
Progress: Sun, 26 Oct 2014 02:50:46+0000  Selecting site:5  Active:1  Finished successfully:25
Progress: Sun, 26 Oct 2014 02:51:16+0000  Selecting site:5  Active:1  Finished successfully:25
Progress: Sun, 26 Oct 2014 02:51:46+0000  Selecting site:5  Active:1  Finished successfully:25
Progress: Sun, 26 Oct 2014 02:52:16+0000  Selecting site:5  Active:1  Finished successfully:25
Progress: Sun, 26 Oct 2014 02:52:46+0000  Selecting site:5  Active:1  Finished successfully:25
Progress: Sun, 26 Oct 2014 02:53:16+0000  Selecting site:5  Active:1  Finished successfully:25
Progress: Sun, 26 Oct 2014 02:53:46+0000  Selecting site:5  Active:1  Finished successfully:25
Progress: Sun, 26 Oct 2014 02:54:11+0000  Selecting site:4  Stage in:1  Finished successfully:26
Progress: Sun, 26 Oct 2014 02:54:13+0000  Selecting site:4  Active:1  Finished successfully:26
Progress: Sun, 26 Oct 2014 02:54:43+0000  Selecting site:4  Active:1  Finished successfully:26
Progress: Sun, 26 Oct 2014 02:55:13+0000  Selecting site:4  Active:1  Finished successfully:26
Progress: Sun, 26 Oct 2014 02:55:43+0000  Selecting site:4  Active:1  Finished successfully:26
Progress: Sun, 26 Oct 2014 02:56:13+0000  Selecting site:4  Active:1  Finished successfully:26
Progress: Sun, 26 Oct 2014 02:56:43+0000  Selecting site:4  Active:1  Finished successfully:26
Progress: Sun, 26 Oct 2014 02:56:51+0000  Selecting site:3  Stage in:1  Finished successfully:27
Progress: Sun, 26 Oct 2014 02:56:53+0000  Selecting site:3  Active:1  Finished successfully:27
Progress: Sun, 26 Oct 2014 02:57:23+0000  Selecting site:3  Active:1  Finished successfully:27
Progress: Sun, 26 Oct 2014 02:57:53+0000  Selecting site:3  Active:1  Finished successfully:27
Progress: Sun, 26 Oct 2014 02:58:23+0000  Selecting site:3  Active:1  Finished successfully:27
Progress: Sun, 26 Oct 2014 02:58:53+0000  Selecting site:3  Active:1  Finished successfully:27
Progress: Sun, 26 Oct 2014 02:59:23+0000  Selecting site:3  Active:1  Finished successfully:27
Progress: Sun, 26 Oct 2014 02:59:28+0000  Selecting site:2  Stage in:1  Finished successfully:28
Progress: Sun, 26 Oct 2014 02:59:38+0000  Selecting site:2  Active:1  Finished successfully:28
Progress: Sun, 26 Oct 2014 03:00:08+0000  Selecting site:2  Active:1  Finished successfully:28
Progress: Sun, 26 Oct 2014 03:00:38+0000  Selecting site:2  Active:1  Finished successfully:28
Progress: Sun, 26 Oct 2014 03:01:08+0000  Selecting site:2  Active:1  Finished successfully:28
Progress: Sun, 26 Oct 2014 03:01:38+0000  Selecting site:2  Active:1  Finished successfully:28
Progress: Sun, 26 Oct 2014 03:02:08+0000  Selecting site:2  Active:1  Finished successfully:28
Progress: Sun, 26 Oct 2014 03:02:38+0000  Selecting site:2  Active:1  Finished successfully:28
Progress: Sun, 26 Oct 2014 03:03:08+0000  Selecting site:2  Active:1  Finished successfully:28
Progress: Sun, 26 Oct 2014 03:03:38+0000  Selecting site:2  Active:1  Finished successfully:28
Progress: Sun, 26 Oct 2014 03:03:53+0000  Selecting site:1  Stage in:1  Finished successfully:29
Progress: Sun, 26 Oct 2014 03:03:57+0000  Selecting site:1  Active:1  Finished successfully:29
Progress: Sun, 26 Oct 2014 03:04:27+0000  Selecting site:1  Active:1  Finished successfully:29
Progress: Sun, 26 Oct 2014 03:04:57+0000  Selecting site:1  Active:1  Finished successfully:29
Progress: Sun, 26 Oct 2014 03:05:27+0000  Selecting site:1  Active:1  Finished successfully:29
Progress: Sun, 26 Oct 2014 03:05:57+0000  Selecting site:1  Active:1  Finished successfully:29
Progress: Sun, 26 Oct 2014 03:06:27+0000  Selecting site:1  Active:1  Finished successfully:29
Progress: Sun, 26 Oct 2014 03:06:57+0000  Selecting site:1  Active:1  Finished successfully:29
Progress: Sun, 26 Oct 2014 03:07:09+0000  Stage in:1  Finished successfully:30
Progress: Sun, 26 Oct 2014 03:07:10+0000  Active:1  Finished successfully:30
Progress: Sun, 26 Oct 2014 03:07:40+0000  Active:1  Finished successfully:30
Progress: Sun, 26 Oct 2014 03:08:10+0000  Active:1  Finished successfully:30
Progress: Sun, 26 Oct 2014 03:08:40+0000  Active:1  Finished successfully:30
Progress: Sun, 26 Oct 2014 03:09:10+0000  Active:1  Finished successfully:30
Progress: Sun, 26 Oct 2014 03:09:11+0000  Active:1  Finished successfully:31
Progress: Sun, 26 Oct 2014 03:09:41+0000  Active:1  Finished successfully:31
Progress: Sun, 26 Oct 2014 03:10:10+0000  Stage out:1  Finished successfully:31
Final status:Sun, 26 Oct 2014 03:10:11+0000  Finished successfully:32
